{"try":"1,1,1,1,1"}
{"try":"1,1,1,1,1"}
{"option":"start","method":"GET","url":"/","time":"2025-02-17T14:52:44.993Z"}
{"option":"start","method":"GET","url":"/","time":"2025-02-17T14:52:44.998Z"}
{"option":"end","url":"/","response":200,"time":"2025-02-17T14:52:45.002Z"}
{"option":"start","method":"GET","url":"/my-style/main.css","time":"2025-02-17T14:52:45.017Z"}
{"option":"start","method":"GET","url":"/my-script/dom.js","time":"2025-02-17T14:52:45.020Z"}
{"option":"start","method":"GET","url":"/favicon.ico","time":"2025-02-17T14:52:45.059Z"}
{"option":"start","method":"POST","url":"/events/create","time":"2025-02-17T14:53:41.581Z"}
{"option":"end","url":"/events/create","response":201,"time":"2025-02-17T14:53:41.583Z"}
{"option":"start","method":"GET","url":"/","time":"2025-02-24T14:06:11.034Z"}
{"option":"start","method":"GET","url":"/","time":"2025-02-24T14:06:11.039Z"}
{"option":"end","url":"/","response":200,"time":"2025-02-24T14:06:11.042Z"}
{"option":"start","method":"GET","url":"/my-style/main.css","time":"2025-02-24T14:06:11.064Z"}
{"option":"start","method":"GET","url":"/my-script/dom.js","time":"2025-02-24T14:06:11.068Z"}
{"option":"start","method":"GET","url":"/favicon.ico","time":"2025-02-24T14:06:11.114Z"}
{"option":"start","method":"GET","url":"/","time":"2025-02-24T14:06:15.696Z"}
{"option":"start","method":"GET","url":"/","time":"2025-02-24T14:06:15.697Z"}
{"option":"end","url":"/","response":200,"time":"2025-02-24T14:06:15.699Z"}
{"option":"start","method":"GET","url":"/my-style/main.css","time":"2025-02-24T14:06:15.711Z"}
{"option":"start","method":"GET","url":"/my-script/dom.js","time":"2025-02-24T14:06:15.712Z"}
{"option":"start","method":"GET","url":"/","time":"2025-02-24T14:06:15.950Z"}
{"option":"start","method":"GET","url":"/","time":"2025-02-24T14:06:15.951Z"}
{"option":"end","url":"/","response":200,"time":"2025-02-24T14:06:15.953Z"}
{"option":"start","method":"GET","url":"/my-style/main.css","time":"2025-02-24T14:06:15.962Z"}
{"option":"start","method":"GET","url":"/my-script/dom.js","time":"2025-02-24T14:06:15.963Z"}
{"option":"start","method":"GET","url":"/","time":"2025-02-24T14:06:16.288Z"}
{"option":"start","method":"GET","url":"/","time":"2025-02-24T14:06:16.290Z"}
{"option":"end","url":"/","response":200,"time":"2025-02-24T14:06:16.291Z"}
{"option":"start","method":"GET","url":"/my-style/main.css","time":"2025-02-24T14:06:16.298Z"}
{"option":"start","method":"GET","url":"/my-script/dom.js","time":"2025-02-24T14:06:16.300Z"}
{"option":"start","method":"GET","url":"/","time":"2025-02-24T14:06:16.566Z"}
{"option":"start","method":"GET","url":"/","time":"2025-02-24T14:06:16.567Z"}
{"option":"end","url":"/","response":200,"time":"2025-02-24T14:06:16.569Z"}
{"option":"start","method":"GET","url":"/my-style/main.css","time":"2025-02-24T14:06:16.579Z"}
{"option":"start","method":"GET","url":"/my-script/dom.js","time":"2025-02-24T14:06:16.581Z"}
{"option":"start","method":"GET","url":"/","time":"2025-02-24T14:06:16.831Z"}
{"option":"start","method":"GET","url":"/","time":"2025-02-24T14:06:16.833Z"}
{"option":"end","url":"/","response":200,"time":"2025-02-24T14:06:16.834Z"}
{"option":"start","method":"GET","url":"/my-style/main.css","time":"2025-02-24T14:06:16.844Z"}
{"option":"start","method":"GET","url":"/my-script/dom.js","time":"2025-02-24T14:06:16.846Z"}
{"option":"start","method":"GET","url":"/","time":"2025-02-24T14:06:17.063Z"}
{"option":"start","method":"GET","url":"/","time":"2025-02-24T14:06:17.063Z"}
{"option":"end","url":"/","response":200,"time":"2025-02-24T14:06:17.064Z"}
{"option":"start","method":"GET","url":"/my-style/main.css","time":"2025-02-24T14:06:17.072Z"}
{"option":"start","method":"GET","url":"/my-script/dom.js","time":"2025-02-24T14:06:17.074Z"}
{"option":"start","method":"GET","url":"/","time":"2025-02-24T14:06:17.246Z"}
{"option":"start","method":"GET","url":"/","time":"2025-02-24T14:06:17.247Z"}
{"option":"end","url":"/","response":200,"time":"2025-02-24T14:06:17.248Z"}
{"option":"start","method":"GET","url":"/my-style/main.css","time":"2025-02-24T14:06:17.255Z"}
{"option":"start","method":"GET","url":"/my-script/dom.js","time":"2025-02-24T14:06:17.257Z"}
{"option":"start","method":"GET","url":"/","time":"2025-02-24T14:06:17.463Z"}
{"option":"start","method":"GET","url":"/","time":"2025-02-24T14:06:17.464Z"}
{"option":"end","url":"/","response":200,"time":"2025-02-24T14:06:17.465Z"}
{"option":"start","method":"GET","url":"/my-style/main.css","time":"2025-02-24T14:06:17.471Z"}
{"option":"start","method":"GET","url":"/my-script/dom.js","time":"2025-02-24T14:06:17.473Z"}
{"option":"start","method":"GET","url":"/","time":"2025-02-24T14:06:17.663Z"}
{"option":"start","method":"GET","url":"/","time":"2025-02-24T14:06:17.664Z"}
{"option":"end","url":"/","response":200,"time":"2025-02-24T14:06:17.665Z"}
{"option":"start","method":"GET","url":"/my-style/main.css","time":"2025-02-24T14:06:17.673Z"}
{"option":"start","method":"GET","url":"/my-script/dom.js","time":"2025-02-24T14:06:17.675Z"}
{"option":"start","method":"POST","url":"/events/create","time":"2025-02-24T14:16:57.554Z"}
{"option":"start","method":"POST","url":"/events/create","time":"2025-02-24T14:17:13.978Z"}
{"option":"start","method":"POST","url":"/events/create","time":"2025-02-24T14:17:58.669Z"}
{"option":"end","url":"/events/create","response":201,"time":"2025-02-24T14:17:58.688Z"}
{"option":"start","method":"POST","url":"/events/create","time":"2025-02-24T14:18:59.004Z"}
{"option":"start","method":"POST","url":"/events/create","time":"2025-02-24T14:19:30.614Z"}
{"option":"end","url":"/events/create","response":201,"time":"2025-02-24T14:19:30.617Z"}
{"option":"start","method":"POST","url":"/events/create","time":"2025-02-24T14:24:33.079Z"}
{"option":"end","url":"/events/create","response":201,"time":"2025-02-24T14:24:33.081Z"}
{"option":"start","method":"POST","url":"/events/create","time":"2025-02-24T14:24:38.464Z"}
{"option":"start","method":"POST","url":"/events/create","time":"2025-02-24T14:24:42.951Z"}
{"option":"start","method":"POST","url":"/events/create","time":"2025-02-24T14:25:08.434Z"}
{"option":"start","method":"POST","url":"/events/create","time":"2025-02-24T14:29:13.135Z"}
{"option":"start","method":"POST","url":"/events/create","time":"2025-02-24T14:32:28.739Z"}
{"option":"end","url":"/events/create","response":422,"time":"2025-02-24T14:32:28.760Z"}
{"option":"start","method":"POST","url":"/events/create","time":"2025-02-24T14:48:53.698Z"}
{"option":"end","url":"/events/create","response":201,"time":"2025-02-24T14:48:53.718Z"}
{"option":"start","method":"POST","url":"/citizens/add-family","time":"2025-02-24T14:51:14.063Z"}
{"option":"end","url":"/citizens/add-family","response":201,"time":"2025-02-24T14:51:14.068Z"}
